Front/AAC/presentation/build/intermediates/manifest_merge_blame_file/debug/manifest-merger-blame-debug-report.txt
1<?xml version="1.0" encoding="utf-8"?>
2<manifest xmlns:android="http://schemas.android.com/apk/res/android"
3    package="com.example.compass_aac"
4    android:versionCode="1"
5    android:versionName="1.0" >
6
7    <uses-sdk
8        android:minSdkVersion="24"
8-->src\main\AndroidManifest.xml
9        android:targetSdkVersion="33" />
9-->src\main\AndroidManifest.xml
10    <!-- 위치 권한 -->
11    <uses-permission android:name="android.permission.ACCESS_COARSE_LOCATION" />
11-->src\main\AndroidManifest.xml:5:5-81
11-->src\main\AndroidManifest.xml:5:22-78
12    <uses-permission android:name="android.permission.ACCESS_FINE_LOCATION" />
12-->src\main\AndroidManifest.xml:6:5-79
12-->src\main\AndroidManifest.xml:6:22-76
13    <uses-permission android:name="android.permission.ACCESS_BACKGROUND_LOCATION" /> <!-- STT, TTS -->
13-->src\main\AndroidManifest.xml:7:5-85
13-->src\main\AndroidManifest.xml:7:22-82
14    <uses-permission android:name="android.permission.RECORD_AUDIO" />
14-->src\main\AndroidManifest.xml:8:5-71
14-->src\main\AndroidManifest.xml:8:22-68
15    <uses-permission android:name="android.permission.INTERNET" />
15-->src\main\AndroidManifest.xml:9:5-67
15-->src\main\AndroidManifest.xml:9:22-64
16
17    <permission
17-->[androidx.core:core:1.10.1] AndroidManifest.xml:22:5-24:47
18        android:name="com.example.compass_aac.DYNAMIC_RECEIVER_NOT_EXPORTED_PERMISSION"
18-->[androidx.core:core:1.10.1] AndroidManifest.xml:23:9-81
19        android:protectionLevel="signature" />
19-->[androidx.core:core:1.10.1] AndroidManifest.xml:24:9-44
20
21    <uses-permission android:name="com.example.compass_aac.DYNAMIC_RECEIVER_NOT_EXPORTED_PERMISSION" />
21-->[androidx.core:core:1.10.1] AndroidManifest.xml:26:5-97
21-->[androidx.core:core:1.10.1] AndroidManifest.xml:26:22-94
22
23    <application
23-->src\main\AndroidManifest.xml:11:5-91:19
24        android:name="com.example.compass_aac.view.MyApplication"
24-->src\main\AndroidManifest.xml:12:9-43
25        android:allowBackup="true"
25-->src\main\AndroidManifest.xml:13:9-35
26        android:appComponentFactory="androidx.core.app.CoreComponentFactory"
26-->[androidx.core:core:1.10.1] AndroidManifest.xml:28:18-86
27        android:dataExtractionRules="@xml/data_extraction_rules"
27-->src\main\AndroidManifest.xml:14:9-65
28        android:debuggable="true"
29        android:enableOnBackInvokedCallback="true"
29-->src\main\AndroidManifest.xml:15:9-51
30        android:extractNativeLibs="false"
31        android:fullBackupContent="@xml/backup_rules"
31-->src\main\AndroidManifest.xml:16:9-54
32        android:icon="@mipmap/ic_launcher"
32-->src\main\AndroidManifest.xml:17:9-43
33        android:label="@string/app_name"
33-->src\main\AndroidManifest.xml:18:9-41
34        android:roundIcon="@mipmap/ic_launcher_round"
34-->src\main\AndroidManifest.xml:19:9-54
35        android:supportsRtl="true"
35-->src\main\AndroidManifest.xml:20:9-35
36        android:testOnly="true"
37        android:theme="@style/Base.Theme.Compass_AAC"
37-->src\main\AndroidManifest.xml:21:9-54
38        android:usesCleartextTraffic="true" >
38-->src\main\AndroidManifest.xml:22:9-44
39        <activity
39-->src\main\AndroidManifest.xml:24:9-26:40
40            android:name="com.example.compass_aac.view.favorite.FavoriteFullScreen"
40-->src\main\AndroidManifest.xml:25:13-61
41            android:exported="false" />
41-->src\main\AndroidManifest.xml:26:13-37
42        <activity
42-->src\main\AndroidManifest.xml:27:9-29:40
43            android:name="com.example.compass_aac.view.urgencyaac.AddSentence"
43-->src\main\AndroidManifest.xml:28:13-56
44            android:exported="false" />
44-->src\main\AndroidManifest.xml:29:13-37
45        <activity
45-->src\main\AndroidManifest.xml:30:9-32:40
46            android:name="com.example.compass_aac.view.favorite.FavoriteMain"
46-->src\main\AndroidManifest.xml:31:13-55
47            android:exported="false" />
47-->src\main\AndroidManifest.xml:32:13-37
48        <activity
48-->src\main\AndroidManifest.xml:33:9-35:40
49            android:name="com.example.compass_aac.view.urgencyaac.FullSrceen"
49-->src\main\AndroidManifest.xml:34:13-55
50            android:exported="false" />
50-->src\main\AndroidManifest.xml:35:13-37
51        <activity
51-->src\main\AndroidManifest.xml:36:9-38:40
52            android:name="com.example.compass_aac.view.urgencyaac.UrgencySentence"
52-->src\main\AndroidManifest.xml:37:13-60
53            android:exported="false" />
53-->src\main\AndroidManifest.xml:38:13-37
54        <activity
54-->src\main\AndroidManifest.xml:39:9-41:40
55            android:name="com.example.compass_aac.view.user.Customizing"
55-->src\main\AndroidManifest.xml:40:13-50
56            android:exported="false" />
56-->src\main\AndroidManifest.xml:41:13-37
57        <activity
57-->src\main\AndroidManifest.xml:42:9-44:40
58            android:name="com.example.compass_aac.view.user.UserPage"
58-->src\main\AndroidManifest.xml:43:13-47
59            android:exported="false" />
59-->src\main\AndroidManifest.xml:44:13-37
60        <activity
60-->src\main\AndroidManifest.xml:45:9-47:39
61            android:name="com.example.compass_aac.view.voiceaac.ChooseWordVoice"
61-->src\main\AndroidManifest.xml:46:13-58
62            android:exported="true" />
62-->src\main\AndroidManifest.xml:47:13-36
63        <activity
63-->src\main\AndroidManifest.xml:48:9-50:39
64            android:name="com.example.compass_aac.view.voiceaac.HearVoice"
64-->src\main\AndroidManifest.xml:49:13-52
65            android:exported="true" />
65-->src\main\AndroidManifest.xml:50:13-36
66        <activity
66-->src\main\AndroidManifest.xml:51:9-53:40
67            android:name="com.example.compass_aac.view.voiceaac.ShowSelectedWord"
67-->src\main\AndroidManifest.xml:52:13-59
68            android:exported="false" />
68-->src\main\AndroidManifest.xml:53:13-37
69        <activity
69-->src\main\AndroidManifest.xml:54:9-56:40
70            android:name="com.example.compass_aac.view.voiceaac.ChooseWordPass"
70-->src\main\AndroidManifest.xml:55:13-57
71            android:exported="false" />
71-->src\main\AndroidManifest.xml:56:13-37
72        <activity
72-->src\main\AndroidManifest.xml:57:9-60:55
73            android:name="com.example.compass_aac.view.login.RegisterMain"
73-->src\main\AndroidManifest.xml:58:13-52
74            android:exported="false"
74-->src\main\AndroidManifest.xml:59:13-37
75            android:windowSoftInputMode="adjustPan" />
75-->src\main\AndroidManifest.xml:60:13-52
76        <activity
76-->src\main\AndroidManifest.xml:61:9-63:40
77            android:name="com.example.compass_aac.view.login.LoginMain"
77-->src\main\AndroidManifest.xml:62:13-49
78            android:exported="false" />
78-->src\main\AndroidManifest.xml:63:13-37
79        <activity
79-->src\main\AndroidManifest.xml:64:9-66:40
80            android:name="com.example.compass_aac.view.login.TitleActivity"
80-->src\main\AndroidManifest.xml:65:13-53
81            android:exported="false" />
81-->src\main\AndroidManifest.xml:66:13-37
82        <activity
82-->src\main\AndroidManifest.xml:67:9-69:40
83            android:name="com.example.compass_aac.view.urgencyaac.UrgencyCategory"
83-->src\main\AndroidManifest.xml:68:13-60
84            android:exported="false" />
84-->src\main\AndroidManifest.xml:69:13-37
85        <activity
85-->src\main\AndroidManifest.xml:70:9-72:40
86            android:name="com.example.compass_aac.view.dailyaac.DailyCategory"
86-->src\main\AndroidManifest.xml:71:13-56
87            android:exported="false" />
87-->src\main\AndroidManifest.xml:72:13-37
88        <activity
88-->src\main\AndroidManifest.xml:73:9-75:40
89            android:name="com.example.compass_aac.view.voiceaac.PassCategory"
89-->src\main\AndroidManifest.xml:74:13-55
90            android:exported="false" />
90-->src\main\AndroidManifest.xml:75:13-37
91        <activity
91-->src\main\AndroidManifest.xml:76:9-78:40
92            android:name="com.example.compass_aac.view.location.SearchLocation"
92-->src\main\AndroidManifest.xml:77:13-57
93            android:exported="false" />
93-->src\main\AndroidManifest.xml:78:13-37
94        <activity
94-->src\main\AndroidManifest.xml:79:9-87:20
95            android:name="com.example.compass_aac.view.splash.Splash"
95-->src\main\AndroidManifest.xml:80:13-47
96            android:exported="true" >
96-->src\main\AndroidManifest.xml:81:13-36
97            <intent-filter>
97-->src\main\AndroidManifest.xml:82:13-86:29
98                <action android:name="android.intent.action.MAIN" />
98-->src\main\AndroidManifest.xml:83:17-69
98-->src\main\AndroidManifest.xml:83:25-66
99
100                <category android:name="android.intent.category.LAUNCHER" />
100-->src\main\AndroidManifest.xml:85:17-77
100-->src\main\AndroidManifest.xml:85:27-74
101            </intent-filter>
102        </activity>
103        <activity
103-->src\main\AndroidManifest.xml:88:9-90:40
104            android:name="com.example.compass_aac.view.MainActivity"
104-->src\main\AndroidManifest.xml:89:13-46
105            android:exported="false" />
105-->src\main\AndroidManifest.xml:90:13-37
106        <activity
106-->[com.google.android.gms:play-services-base:18.1.0] AndroidManifest.xml:20:9-22:45
107            android:name="com.google.android.gms.common.api.GoogleApiActivity"
107-->[com.google.android.gms:play-services-base:18.1.0] AndroidManifest.xml:20:19-85
108            android:exported="false"
108-->[com.google.android.gms:play-services-base:18.1.0] AndroidManifest.xml:22:19-43
109            android:theme="@android:style/Theme.Translucent.NoTitleBar" />
109-->[com.google.android.gms:play-services-base:18.1.0] AndroidManifest.xml:21:19-78
110
111        <meta-data
111-->[com.google.android.gms:play-services-basement:18.1.0] AndroidManifest.xml:21:9-23:69
112            android:name="com.google.android.gms.version"
112-->[com.google.android.gms:play-services-basement:18.1.0] AndroidManifest.xml:22:13-58
113            android:value="@integer/google_play_services_version" />
113-->[com.google.android.gms:play-services-basement:18.1.0] AndroidManifest.xml:23:13-66
114
115        <provider
115-->[androidx.emoji2:emoji2:1.2.0] AndroidManifest.xml:24:9-32:20
116            android:name="androidx.startup.InitializationProvider"
116-->[androidx.emoji2:emoji2:1.2.0] AndroidManifest.xml:25:13-67
117            android:authorities="com.example.compass_aac.androidx-startup"
117-->[androidx.emoji2:emoji2:1.2.0] AndroidManifest.xml:26:13-68
118            android:exported="false" >
118-->[androidx.emoji2:emoji2:1.2.0] AndroidManifest.xml:27:13-37
119            <meta-data
119-->[androidx.emoji2:emoji2:1.2.0] AndroidManifest.xml:29:13-31:52
120                android:name="androidx.emoji2.text.EmojiCompatInitializer"
120-->[androidx.emoji2:emoji2:1.2.0] AndroidManifest.xml:30:17-75
121                android:value="androidx.startup" />
121-->[androidx.emoji2:emoji2:1.2.0] AndroidManifest.xml:31:17-49
122            <meta-data
122-->[androidx.lifecycle:lifecycle-process:2.6.1] AndroidManifest.xml:29:13-31:52
123                android:name="androidx.lifecycle.ProcessLifecycleInitializer"
123-->[androidx.lifecycle:lifecycle-process:2.6.1] AndroidManifest.xml:30:17-78
124                android:value="androidx.startup" />
124-->[androidx.lifecycle:lifecycle-process:2.6.1] AndroidManifest.xml:31:17-49
125            <meta-data
125-->[androidx.profileinstaller:profileinstaller:1.3.0] AndroidManifest.xml:29:13-31:52
126                android:name="androidx.profileinstaller.ProfileInstallerInitializer"
126-->[androidx.profileinstaller:profileinstaller:1.3.0] AndroidManifest.xml:30:17-85
127                android:value="androidx.startup" />
127-->[androidx.profileinstaller:profileinstaller:1.3.0] AndroidManifest.xml:31:17-49
128        </provider>
129
130        <uses-library
130-->[androidx.window:window:1.0.0] AndroidManifest.xml:25:9-27:40
131            android:name="androidx.window.extensions"
131-->[androidx.window:window:1.0.0] AndroidManifest.xml:26:13-54
132            android:required="false" />
132-->[androidx.window:window:1.0.0] AndroidManifest.xml:27:13-37
133        <uses-library
133-->[androidx.window:window:1.0.0] AndroidManifest.xml:28:9-30:40
134            android:name="androidx.window.sidecar"
134-->[androidx.window:window:1.0.0] AndroidManifest.xml:29:13-51
135            android:required="false" />
135-->[androidx.window:window:1.0.0] AndroidManifest.xml:30:13-37
136
137        <service
137-->[androidx.room:room-runtime:2.4.0] AndroidManifest.xml:25:9-28:40
138            android:name="androidx.room.MultiInstanceInvalidationService"
138-->[androidx.room:room-runtime:2.4.0] AndroidManifest.xml:26:13-74
139            android:directBootAware="true"
139-->[androidx.room:room-runtime:2.4.0] AndroidManifest.xml:27:13-43
140            android:exported="false" />
140-->[androidx.room:room-runtime:2.4.0] AndroidManifest.xml:28:13-37
141
142        <receiver
142-->[androidx.profileinstaller:profileinstaller:1.3.0] AndroidManifest.xml:34:9-52:20
143            android:name="androidx.profileinstaller.ProfileInstallReceiver"
143-->[androidx.profileinstaller:profileinstaller:1.3.0] AndroidManifest.xml:35:13-76
144            android:directBootAware="false"
144-->[androidx.profileinstaller:profileinstaller:1.3.0] AndroidManifest.xml:36:13-44
145            android:enabled="true"
145-->[androidx.profileinstaller:profileinstaller:1.3.0] AndroidManifest.xml:37:13-35
146            android:exported="true"
146-->[androidx.profileinstaller:profileinstaller:1.3.0] AndroidManifest.xml:38:13-36
147            android:permission="android.permission.DUMP" >
147-->[androidx.profileinstaller:profileinstaller:1.3.0] AndroidManifest.xml:39:13-57
148            <intent-filter>
148-->[androidx.profileinstaller:profileinstaller:1.3.0] AndroidManifest.xml:40:13-42:29
149                <action android:name="androidx.profileinstaller.action.INSTALL_PROFILE" />
149-->[androidx.profileinstaller:profileinstaller:1.3.0] AndroidManifest.xml:41:17-91
149-->[androidx.profileinstaller:profileinstaller:1.3.0] AndroidManifest.xml:41:25-88
150            </intent-filter>
151            <intent-filter>
151-->[androidx.profileinstaller:profileinstaller:1.3.0] AndroidManifest.xml:43:13-45:29
152                <action android:name="androidx.profileinstaller.action.SKIP_FILE" />
152-->[androidx.profileinstaller:profileinstaller:1.3.0] AndroidManifest.xml:44:17-85
152-->[androidx.profileinstaller:profileinstaller:1.3.0] AndroidManifest.xml:44:25-82
153            </intent-filter>
154            <intent-filter>
154-->[androidx.profileinstaller:profileinstaller:1.3.0] AndroidManifest.xml:46:13-48:29
155                <action android:name="androidx.profileinstaller.action.SAVE_PROFILE" />
155-->[androidx.profileinstaller:profileinstaller:1.3.0] AndroidManifest.xml:47:17-88
155-->[androidx.profileinstaller:profileinstaller:1.3.0] AndroidManifest.xml:47:25-85
156            </intent-filter>
157            <intent-filter>
157-->[androidx.profileinstaller:profileinstaller:1.3.0] AndroidManifest.xml:49:13-51:29
158                <action android:name="androidx.profileinstaller.action.BENCHMARK_OPERATION" />
158-->[androidx.profileinstaller:profileinstaller:1.3.0] AndroidManifest.xml:50:17-95
158-->[androidx.profileinstaller:profileinstaller:1.3.0] AndroidManifest.xml:50:25-92
159            </intent-filter>
160        </receiver>
161    </application>
162
163</manifest>